2023-02-27 23:20:15,562 - INFO - Starting HelloWorldReader
2023-02-27 23:20:19,192 - DEBUG - Name entered: kunal
2023-02-27 23:20:19,192 - INFO - Printing environment variables:
2023-02-27 23:20:19,193 - INFO - Finished HelloWorldReader
2023-02-27 23:20:52,717 - INFO - Starting HelloWorldReader
2023-02-27 23:20:55,718 - DEBUG - Name entered: kunal
2023-02-27 23:20:55,718 - INFO - Printing environment variables:
2023-02-27 23:20:55,719 - INFO - Finished HelloWorldReader
2023-02-27 23:22:04,595 - INFO - Starting HelloWorldReader
2023-02-27 23:22:08,024 - DEBUG - Name entered: kunal
2023-02-27 23:22:08,024 - INFO - Printing environment variables:
2023-02-27 23:22:08,025 - INFO - Finished HelloWorldReader
2023-02-27 23:22:29,380 - INFO - Starting HelloWorldReader
2023-02-27 23:22:33,303 - DEBUG - Name entered: kunal
2023-02-27 23:22:33,303 - INFO - Printing environment variables:
2023-02-27 23:22:33,303 - INFO - Finished HelloWorldReader
2023-02-27 23:23:50,332 - INFO - Starting HelloWorldReader
2023-02-27 23:23:54,371 - INFO - Printing environment variables:
2023-02-27 23:23:54,372 - INFO - Finished HelloWorldReader
2023-02-27 23:24:09,265 - INFO - Starting HelloWorldReader
2023-02-27 23:24:12,635 - DEBUG - Name entered: kunal2
2023-02-27 23:24:12,635 - INFO - Printing environment variables:
2023-02-27 23:24:12,636 - INFO - Finished HelloWorldReader
2023-02-27 23:30:32,033 - INFO - Starting HelloWorldReader
2023-02-27 23:30:35,336 - INFO - Printing environment variables:
2023-02-27 23:30:35,337 - INFO - Finished HelloWorldReader
2023-03-02 01:14:45,871 - INFO - Starting HelloWorldReader
2023-03-02 01:14:45,872 - INFO - Printing environment variables:
2023-03-02 01:14:45,872 - INFO - Finished HelloWorldReader
2023-03-02 01:16:06,592 - INFO - Starting HelloWorldReader
2023-03-02 01:16:06,592 - INFO - Printing environment variables:
2023-03-02 01:16:06,592 - INFO - Finished HelloWorldReader
2023-03-02 02:38:37,948 - INFO - Starting HelloWorldReader
2023-03-02 02:38:37,948 - INFO - Printing environment variables:
2023-03-02 02:38:37,948 - INFO - NAME: None
2023-03-02 02:38:37,948 - INFO - MESSAGE: None
2023-03-02 02:38:37,949 - INFO - Finished HelloWorldReader
2023-03-02 02:51:09,072 - INFO - Starting HelloWorldReader
2023-03-02 02:51:09,073 - INFO - Printing environment variables:
2023-03-02 02:51:09,073 - INFO - NAME: None
2023-03-02 02:51:09,073 - INFO - MESSAGE: None
2023-03-02 02:51:09,073 - INFO - Finished HelloWorldReader
2023-03-02 02:53:30,373 - INFO - Starting HelloWorldReader
2023-03-02 02:53:30,373 - INFO - Printing environment variables:
2023-03-02 02:53:30,373 - INFO - NAME: None
2023-03-02 02:53:30,373 - INFO - MESSAGE: None
2023-03-02 02:53:30,373 - INFO - Finished HelloWorldReader
2023-03-02 03:27:37,036 - INFO - Starting HelloWorldReader
2023-03-02 03:27:37,036 - INFO - Printing environment variables:
2023-03-02 03:27:37,037 - INFO - NAME: None
2023-03-02 03:27:37,037 - INFO - MESSAGE: None
2023-03-02 03:27:37,037 - INFO - Finished HelloWorldReader
2023-03-02 03:28:02,068 - INFO - Starting HelloWorldReader
2023-03-02 03:28:02,068 - INFO - Printing environment variables:
2023-03-02 03:28:02,069 - INFO - NAME: None
2023-03-02 03:28:02,069 - INFO - MESSAGE: None
2023-03-02 03:28:02,069 - INFO - Finished HelloWorldReader
2023-03-02 03:28:54,715 - INFO - Starting HelloWorldReader
2023-03-02 03:28:54,715 - INFO - Printing environment variables:
2023-03-02 03:28:54,715 - INFO - NAME: None
2023-03-02 03:28:54,715 - INFO - MESSAGE: None
2023-03-02 03:28:54,715 - INFO - Finished HelloWorldReader
2023-03-02 03:29:07,940 - INFO - Starting HelloWorldReader
2023-03-02 03:29:07,940 - INFO - Printing environment variables:
2023-03-02 03:29:07,941 - INFO - NAME:None
2023-03-02 03:29:07,941 - INFO - MESSAGE:None
2023-03-02 03:29:07,941 - INFO - Finished HelloWorldReader
2023-03-03 14:19:31,100 - INFO - Starting HelloWorldReader
2023-03-03 14:19:31,101 - INFO - Printing environment variables:
2023-03-03 14:19:31,101 - INFO - NAME: None
2023-03-03 14:19:31,101 - INFO - MESSAGE: None
2023-03-03 14:19:31,101 - INFO - Finished HelloWorldReader
2023-03-06 19:26:04,260 - INFO - Starting HelloWorldReader
2023-03-06 19:26:04,260 - INFO - Printing environment variables:
2023-03-06 19:26:04,260 - INFO - NAME: None
2023-03-06 19:26:04,260 - INFO - MESSAGE: None
2023-03-06 19:26:04,261 - INFO - Finished HelloWorldReader
2023-03-06 19:57:29,288 - INFO - Starting HelloWorldReader
2023-03-06 19:57:29,288 - INFO - Printing environment variables:
2023-03-06 19:57:29,288 - INFO - Finished HelloWorldReader
2023-03-06 20:01:27,776 - INFO - Starting HelloWorldReader
2023-03-06 20:01:27,776 - INFO - Printing environment variables:
2023-03-06 20:01:27,777 - INFO - TestMessage: None
2023-03-06 20:01:27,777 - INFO - Finished HelloWorldReader
2023-03-06 20:04:42,183 - INFO - Starting HelloWorldReader
2023-03-06 20:04:42,183 - INFO - Printing environment variables:
2023-03-06 20:04:42,183 - INFO - TestMessage: None
2023-03-06 20:04:42,183 - INFO - Finished HelloWorldReader
2023-03-06 20:05:32,558 - INFO - Starting HelloWorldReader
2023-03-06 20:05:32,558 - INFO - Printing environment variables:
2023-03-06 20:05:32,559 - INFO - TestMessage: None
2023-03-06 20:05:32,559 - INFO - Finished HelloWorldReader
2023-03-06 20:05:59,757 - INFO - Starting HelloWorldReader
2023-03-06 20:05:59,757 - INFO - Printing environment variables:
2023-03-06 20:05:59,757 - INFO - TestMessage: None
2023-03-06 20:05:59,757 - INFO - Finished HelloWorldReader
2023-03-06 20:06:15,513 - INFO - Starting HelloWorldReader
2023-03-06 20:06:15,513 - INFO - Printing environment variables:
2023-03-06 20:06:15,513 - INFO - TestMessage: None
2023-03-06 20:06:15,513 - INFO - Finished HelloWorldReader
2023-03-06 20:06:34,944 - INFO - Starting HelloWorldReader
2023-03-06 20:06:34,944 - INFO - Printing environment variables:
2023-03-06 20:06:34,944 - INFO - TestMessage: None
2023-03-06 20:06:34,945 - INFO - Finished HelloWorldReader
2023-03-06 20:07:35,982 - INFO - Starting HelloWorldReader
2023-03-06 20:07:35,982 - INFO - Printing environment variables:
2023-03-06 20:07:35,982 - INFO - TestMessage: None
2023-03-06 20:07:35,982 - INFO - Finished HelloWorldReader
2023-03-06 20:07:46,520 - INFO - Starting HelloWorldReader
2023-03-06 20:07:46,520 - INFO - Printing environment variables:
2023-03-06 20:07:46,520 - INFO - TestMessage: None
2023-03-06 20:07:46,520 - INFO - Finished HelloWorldReader
2023-03-06 20:08:19,934 - INFO - Starting HelloWorldReader
2023-03-06 20:08:19,934 - INFO - Printing environment variables:
2023-03-06 20:08:19,935 - INFO - TestMessage: None
2023-03-06 20:08:19,935 - INFO - Finished HelloWorldReader
2023-03-06 20:12:02,065 - INFO - Starting HelloWorldReader
2023-03-06 20:12:02,065 - INFO - Printing environment variables:
2023-03-06 20:12:02,065 - INFO - TestMessage: None
2023-03-06 20:12:02,066 - INFO - Finished HelloWorldReader
2023-03-06 20:14:52,857 - INFO - Starting HelloWorldReader
2023-03-06 20:14:52,857 - INFO - Printing environment variables:
2023-03-06 20:14:52,857 - INFO - TestMessage: None
2023-03-06 20:14:52,857 - INFO - Finished HelloWorldReader
2023-03-06 20:15:57,355 - INFO - Starting HelloWorldReader
2023-03-06 20:15:57,355 - INFO - Printing environment variables:
2023-03-06 20:15:57,355 - INFO - TestMessage: None
2023-03-06 20:15:57,355 - INFO - Finished HelloWorldReader
2023-03-06 20:18:26,367 - INFO - Starting HelloWorldReader
2023-03-06 20:18:26,367 - INFO - Printing environment variables:
2023-03-06 20:18:26,368 - INFO - TestMessage: None
2023-03-06 20:18:26,368 - INFO - Finished HelloWorldReader
2023-03-06 20:19:10,352 - INFO - Starting HelloWorldReader
2023-03-06 20:19:10,352 - INFO - Printing environment variables:
2023-03-06 20:19:10,352 - INFO - TestMessage: None
2023-03-06 20:19:10,352 - INFO - Finished HelloWorldReader
2023-03-06 20:19:44,831 - INFO - Starting HelloWorldReader
2023-03-06 20:19:44,831 - INFO - Printing environment variables:
2023-03-06 20:19:44,831 - INFO - Finished HelloWorldReader
2023-03-06 20:21:46,511 - INFO - Starting HelloWorldReader
2023-03-06 20:21:46,512 - INFO - Printing environment variables:
2023-03-06 20:21:46,512 - INFO - TestMessage: None
2023-03-06 20:21:46,512 - INFO - Finished HelloWorldReader
2023-03-06 20:37:36,220 - INFO - Starting HelloWorldReader
2023-03-06 20:37:36,220 - INFO - Printing environment variables:
2023-03-06 20:37:36,220 - INFO - TestMessage: None
2023-03-06 20:37:36,220 - INFO - Finished HelloWorldReader
2023-03-06 20:38:43,448 - INFO - Starting HelloWorldReader
2023-03-06 20:38:43,449 - INFO - Printing environment variables:
2023-03-06 20:38:43,449 - INFO - TestMessage: None
2023-03-06 20:38:43,449 - INFO - Finished HelloWorldReader
2023-03-06 20:42:27,109 - INFO - Starting HelloWorldReader
2023-03-06 20:42:27,109 - INFO - Printing environment variables:
2023-03-06 20:42:27,109 - INFO - TestMessage: None
2023-03-06 20:42:27,109 - INFO - Finished HelloWorldReader
2023-03-06 20:45:29,894 - INFO - Starting HelloWorldReader
2023-03-06 20:45:29,894 - INFO - Printing environment variables:
2023-03-06 20:45:29,894 - INFO - TestMessage: None
2023-03-06 20:45:29,894 - INFO - Finished HelloWorldReader
2023-03-06 20:55:57,078 - INFO - Starting HelloWorldReader
2023-03-06 20:55:57,078 - INFO - Printing environment variables:
2023-03-06 20:55:57,078 - INFO - TestMessage: None
2023-03-06 20:55:57,078 - INFO - Finished HelloWorldReader
2023-03-06 20:56:53,058 - INFO - Starting HelloWorldReader
2023-03-06 20:56:53,058 - INFO - Printing environment variables:
2023-03-06 20:56:53,058 - INFO - TestMessage: None
2023-03-06 20:56:53,059 - INFO - Finished HelloWorldReader
2023-03-06 21:01:08,406 - INFO - Starting HelloWorldReader
2023-03-06 21:01:08,406 - INFO - Printing environment variables:
2023-03-06 21:01:08,407 - INFO - TestMessage: None
2023-03-06 21:01:08,407 - INFO - Finished HelloWorldReader
2023-03-06 21:05:53,863 - INFO - Starting HelloWorldReader
2023-03-06 21:05:53,863 - INFO - Printing environment variables:
2023-03-06 21:05:53,863 - INFO - TestMessage: None
2023-03-06 21:05:53,863 - INFO - Finished HelloWorldReader
2023-03-06 21:06:40,449 - INFO - Starting HelloWorldReader
2023-03-06 21:06:40,449 - INFO - Printing environment variables:
2023-03-06 21:06:40,450 - INFO - TestMessage: None
2023-03-06 21:06:40,450 - INFO - Finished HelloWorldReader
2023-03-06 21:08:42,895 - INFO - Starting HelloWorldReader
2023-03-06 21:08:42,895 - INFO - Printing environment variables:
2023-03-06 21:08:42,895 - INFO - TestMessage: None
2023-03-06 21:08:42,895 - INFO - Finished HelloWorldReader
2023-03-06 21:11:02,684 - INFO - Starting HelloWorldReader
2023-03-06 21:11:02,684 - INFO - Printing environment variables:
2023-03-06 21:11:02,684 - INFO - TestMessage: None
2023-03-06 21:11:02,685 - INFO - Finished HelloWorldReader
2023-03-06 21:11:43,427 - INFO - Starting HelloWorldReader
2023-03-06 21:11:43,427 - INFO - Printing environment variables:
2023-03-06 21:11:43,427 - INFO - TestMessage: None
2023-03-06 21:11:43,428 - INFO - Finished HelloWorldReader
2023-03-06 21:12:19,612 - INFO - Starting HelloWorldReader
2023-03-06 21:12:19,613 - INFO - Printing environment variables:
2023-03-06 21:12:19,613 - INFO - TestMessage: None
2023-03-06 21:12:19,613 - INFO - Finished HelloWorldReader
2023-03-06 21:12:32,288 - INFO - Starting HelloWorldReader
2023-03-06 21:12:32,288 - INFO - Printing environment variables:
2023-03-06 21:12:32,288 - INFO - TestMessage: None
2023-03-06 21:12:32,288 - INFO - Finished HelloWorldReader
2023-03-06 21:15:51,272 - INFO - Starting HelloWorldReader
2023-03-06 21:15:51,273 - INFO - Printing environment variables:
2023-03-06 21:15:51,273 - INFO - TestMessage: None
2023-03-06 21:15:51,273 - INFO - Finished HelloWorldReader
2023-03-06 21:19:37,391 - INFO - Starting HelloWorldReader
2023-03-06 21:19:37,392 - INFO - Printing environment variables:
2023-03-06 21:19:37,392 - INFO - TestMessage: None
2023-03-06 21:19:37,392 - INFO - Finished HelloWorldReader
2023-03-06 21:23:05,900 - INFO - Starting HelloWorldReader
2023-03-06 21:23:05,900 - INFO - Printing environment variables:
2023-03-06 21:23:05,900 - INFO - TestMessage: None
2023-03-06 21:24:10,441 - INFO - Starting HelloWorldReader
2023-03-06 21:24:10,441 - INFO - Printing environment variables:
2023-03-06 21:24:10,442 - INFO - TestMessage: None
2023-03-06 21:24:10,442 - INFO - Finished HelloWorldReader
2023-03-06 21:25:26,144 - INFO - Starting HelloWorldReader
2023-03-06 21:25:26,144 - INFO - Printing environment variables:
2023-03-06 21:25:26,144 - INFO - TestMessage: None
2023-03-06 21:25:26,144 - INFO - Finished HelloWorldReader
2023-03-06 21:26:49,016 - INFO - Starting HelloWorldReader
2023-03-06 21:26:49,016 - INFO - Printing environment variables:
2023-03-06 21:26:49,016 - INFO - TestMessage: None
2023-03-06 21:26:49,016 - INFO - Finished HelloWorldReader
2023-03-06 21:33:37,416 - INFO - Starting HelloWorldReader
2023-03-06 21:33:37,416 - INFO - TestMessage: None
2023-03-06 21:33:37,416 - INFO - Printing environment variables:
2023-03-06 21:33:37,417 - INFO - Finished HelloWorldReader
2023-03-06 21:43:57,612 - INFO - Starting HelloWorldReader
2023-03-06 21:43:57,613 - INFO - TestMessage: None
2023-03-06 21:43:57,613 - INFO - Printing environment variables:
2023-03-06 21:43:57,613 - INFO - Finished HelloWorldReader
2023-03-06 21:47:27,260 - INFO - Starting HelloWorldReader
2023-03-06 21:47:27,260 - INFO - TestMessage: None
2023-03-06 21:47:27,261 - INFO - Printing environment variables:
2023-03-06 21:47:27,261 - INFO - Finished HelloWorldReader
2023-03-06 21:47:56,245 - INFO - Starting HelloWorldReader
2023-03-06 21:47:56,245 - INFO - TestMessage: None
2023-03-06 21:47:56,245 - INFO - Printing environment variables:
2023-03-06 21:47:56,246 - INFO - Finished HelloWorldReader
2023-03-06 21:48:10,517 - INFO - Starting HelloWorldReader
2023-03-06 21:48:10,517 - INFO - TestMessage: None
2023-03-06 21:48:10,517 - INFO - Printing environment variables:
2023-03-06 21:48:10,517 - INFO - Finished HelloWorldReader
2023-03-06 21:48:26,766 - INFO - Starting HelloWorldReader
2023-03-06 21:48:26,766 - INFO - TestMessage:None
2023-03-06 21:48:26,766 - INFO - Printing environment variables:
2023-03-06 21:48:26,766 - INFO - Finished HelloWorldReader
2023-03-06 21:50:28,968 - INFO - Starting HelloWorldReader
2023-03-06 21:50:28,968 - INFO - TestMessage:None
2023-03-06 21:50:49,736 - INFO - Starting HelloWorldReader
2023-03-06 21:50:49,736 - INFO - TestMessage:None
2023-03-06 21:53:25,488 - INFO - Starting HelloWorldReader
2023-03-06 21:53:25,488 - INFO - TestMessage:None
2023-03-06 21:53:25,488 - INFO - Printing environment variables:
2023-03-06 21:53:25,488 - INFO - Finished HelloWorldReader
2023-03-06 21:53:43,997 - INFO - Starting HelloWorldReader
2023-03-06 21:53:43,997 - INFO - Printing environment variables:
2023-03-06 21:53:43,997 - INFO - Finished HelloWorldReader
2023-03-06 21:54:03,752 - INFO - Starting HelloWorldReader
2023-03-06 21:54:03,752 - INFO - Printing environment variables:
2023-03-06 21:54:03,752 - INFO - Finished HelloWorldReader
2023-03-06 21:54:36,695 - INFO - Starting HelloWorldReader
2023-03-06 21:54:36,696 - INFO - TestMessage: None
2023-03-06 21:54:36,696 - INFO - Printing environment variables:
2023-03-06 21:54:36,697 - INFO - Finished HelloWorldReader
2023-03-06 21:54:50,574 - INFO - Starting HelloWorldReader
2023-03-06 21:54:50,574 - INFO - TestMessage: None
2023-03-06 21:54:50,575 - INFO - Printing environment variables:
2023-03-06 21:54:50,575 - INFO - Finished HelloWorldReader
2023-03-06 21:55:05,077 - INFO - Starting HelloWorldReader
2023-03-06 21:55:44,348 - INFO - TestMessage: None
2023-03-06 21:55:44,349 - INFO - Printing environment variables:
2023-03-06 21:55:44,351 - INFO - Finished HelloWorldReader
2023-03-06 21:56:00,240 - INFO - Starting HelloWorldReader
2023-03-06 21:56:13,536 - INFO - TestMessage: None
2023-03-06 21:56:14,956 - INFO - Printing environment variables:
2023-03-06 21:56:28,537 - INFO - Finished HelloWorldReader
2023-03-06 21:57:27,199 - INFO - Starting HelloWorldReader
2023-03-06 23:30:11,335 - INFO - Starting HelloWorldReader
2023-03-06 23:30:11,335 - INFO - TestMessage: None
2023-03-06 23:30:11,335 - INFO - Printing environment variables:
2023-03-06 23:30:11,335 - INFO - Finished HelloWorldReader
2023-03-15 13:02:48,902 - INFO - Starting HelloWorldReader
2023-03-15 13:02:48,902 - INFO - TestMessage: None
2023-03-15 13:02:48,902 - INFO - Printing environment variables:
2023-03-15 13:02:48,903 - INFO - Finished HelloWorldReader
2023-03-15 13:06:18,418 - INFO - Starting HelloWorldReader
2023-03-15 13:06:18,418 - INFO - TestMessage: None
2023-03-15 13:06:18,418 - INFO - Printing environment variables:
2023-03-15 13:06:18,418 - INFO - Finished HelloWorldReader
2023-03-15 13:07:31,384 - INFO - Starting HelloWorldReader
2023-03-15 13:07:31,384 - INFO - TestMessage: PleaseWork
2023-03-15 13:07:31,384 - INFO - Printing environment variables:
2023-03-15 13:07:31,385 - INFO - Finished HelloWorldReader
2023-03-15 13:20:31,430 - INFO - Starting HelloWorldReader
2023-03-15 13:20:31,431 - INFO - TestMessage: PleaseWork
2023-03-15 13:20:31,431 - INFO - Printing environment variables:
2023-03-15 13:20:31,431 - INFO - Finished HelloWorldReader
2023-03-15 13:22:34,173 - INFO - Starting HelloWorldReader
2023-03-15 13:22:34,173 - INFO - TestMessage: PleaseWork
2023-03-15 13:22:34,173 - INFO - Printing environment variables:
2023-03-15 13:22:34,173 - INFO - Finished HelloWorldReader
2023-03-15 13:29:28,743 - INFO - Starting HelloWorldReader
2023-03-15 13:29:28,744 - INFO - TestMessage: PleaseWork
2023-03-15 13:29:28,744 - INFO - Printing environment variables:
2023-03-15 13:29:28,744 - INFO - Finished HelloWorldReader
2023-03-15 13:36:16,428 - INFO - Starting HelloWorldReader
2023-03-15 13:36:16,428 - INFO - TestMessage: PleaseWork
2023-03-15 13:36:16,428 - INFO - Printing environment variables:
2023-03-15 13:36:16,428 - INFO - Finished HelloWorldReader
